


Descripción del experimento:
----------------------------

Modelo de clasificación con una red neuronal convolucional.
La secuencia de vectores es convolucionada por grupos de n_filters 
filtros, cada uno de ellos con un tamaño distinto determinado por
el parámetro filter_sizes. Por ejemplo, si n_filters es 2 y 
filter_sizes es (2,3,4), la red convoluciona la entrada con 2 filtros
de tamaño 2, 2 de tamaño 3 y 2 de tamaño 4. A eso se le hace un pooling
por filtro y se concatena todo, resultando en un vector de tamaño
n_filters * len(filter_sizes), que pasa a un layer lineal.

Argumentos del entrenamiento utilizados:
- Cantidad de clases: 5
- Idioma: es
- Cantidad máxima de palabras en el vocabulario: 60000
- Frecuencia mínima de cada palabra: 1
- Cantidad máxima de tokens por review: 512
- Dimensión de los embeddings: 300
- Tamaño de los filtros: [3, 5, 7]
- Cantidad de canales por filtro: 2
- Probabilidad de dropout: 0.0
- Tamaño del batch: 256
- Tasa de aprendizaje: 0.0005
- Cantidad de epochs: 8
- Dispositivo de entrenamiento: cuda:1
- Mostrar los datos cada 100 batches.
- Proporción utilizada para dev: 0.05


Classification Report (Train):
------------------------------
    
              precision    recall  f1-score   support

           0       0.69      0.68      0.69     87782
           1       0.59      0.57      0.58     87875
           2       0.55      0.64      0.59     87921
           3       0.59      0.56      0.57     87694
           4       0.77      0.72      0.74     87977

    accuracy                           0.63    439249
   macro avg       0.64      0.63      0.63    439249
weighted avg       0.64      0.63      0.63    439249



Classification Report (Dev):
------------------------------
    
              precision    recall  f1-score   support

           0       0.65      0.63      0.64      4695
           1       0.52      0.50      0.51      4574
           2       0.45      0.54      0.49      4566
           3       0.53      0.50      0.51      4807
           4       0.68      0.63      0.66      4477

    accuracy                           0.56     23119
   macro avg       0.56      0.56      0.56     23119
weighted avg       0.56      0.56      0.56     23119


    