


Descripción del experimento:
----------------------------

Modelo de clasificación con una red neuronal convolucional.
La secuencia de vectores es convolucionada por grupos de n_filters 
filtros, cada uno de ellos con un tamaño distinto determinado por
el parámetro filter_sizes. Por ejemplo, si n_filters es 2 y 
filter_sizes es (2,3,4), la red convoluciona la entrada con 2 filtros
de tamaño 2, 2 de tamaño 3 y 2 de tamaño 4. A eso se le hace un pooling
por filtro y se concatena todo, resultando en un vector de tamaño
n_filters * len(filter_sizes), que pasa a un layer lineal.

Argumentos del entrenamiento utilizados:
- Cantidad de clases: 5
- Idioma: es
- Cantidad máxima de palabras en el vocabulario: 60000
- Frecuencia mínima de cada palabra: 1
- Cantidad máxima de tokens por review: 512
- Dimensión de los embeddings: 300
- Tamaño de los filtros: [3, 5, 7]
- Cantidad de canales por filtro: 8
- Probabilidad de dropout: 0.2
- Tamaño del batch: 256
- Tasa de aprendizaje: 0.0005
- Cantidad de epochs: 8
- Dispositivo de entrenamiento: cuda:1
- Mostrar los datos cada 100 batches.


Classification Report (Train):
------------------------------
    
              precision    recall  f1-score   support

           0      0.731     0.672     0.700     92477
           1      0.585     0.622     0.603     92449
           2      0.601     0.618     0.609     92487
           3      0.631     0.592     0.611     92501
           4      0.773     0.814     0.793     92454

    accuracy                          0.663    462368
   macro avg      0.664     0.663     0.663    462368
weighted avg      0.664     0.663     0.663    462368


MAE(%): 37.96


Classification Report (Test):
------------------------------
    
              precision    recall  f1-score   support

           0      0.678     0.610     0.642      5000
           1      0.501     0.585     0.540      5000
           2      0.493     0.498     0.496      5000
           3      0.532     0.464     0.495      5000
           4      0.696     0.730     0.712      5000

    accuracy                          0.577     25000
   macro avg      0.580     0.577     0.577     25000
weighted avg      0.580     0.577     0.577     25000


MAE(%): 37.96

    