


Descripción del experimento:
----------------------------

Modelo de clasificación con red neuronal recurrente GRU.

Argumentos del entrenamiento utilizados:
- Cantidad de clases: 5
- Idioma: español
- Proporción utilizada para dev: 0.05
- Mostrar los datos cada 100 batches.

Argumentos del tokenizador:
- Patrón para pretokenizar: (\w+|[\.,!\(\)"\-:\?/%;¡\$'¿\\]|\d+)
- Frecuencia mínima: 5
- Cantidad máxima de tokens en el vocabulario: 10000
- Cantidad máxima de tokens por review: 512

Argumentos del modelo:
- Dimensión de los embeddings: 300
- Dimensión de las capas ocultas: 200
- Cantidad de capas ocultas (recurrentes): 16
- Probabilidad de dropout: 0.0
- Tamaño del batch: 256
- Tasa de aprendizaje: 0.0001
- Cantidad de epochs: 4
- Dispositivo de entrenamiento: cuda:0



Classification report (train):
------------------------------
    
              precision    recall  f1-score   support

           0       0.71      0.67      0.69     87782
           1       0.59      0.59      0.59     87875
           2       0.57      0.66      0.61     87921
           3       0.61      0.60      0.61     87694
           4       0.81      0.75      0.78     87977

    accuracy                           0.65    439249
   macro avg       0.66      0.65      0.66    439249
weighted avg       0.66      0.65      0.66    439249



Classification report (dev):
------------------------------
    
              precision    recall  f1-score   support

           0       0.70      0.67      0.68      4695
           1       0.58      0.57      0.57      4574
           2       0.55      0.65      0.60      4566
           3       0.62      0.58      0.60      4807
           4       0.78      0.74      0.76      4477

    accuracy                           0.64     23119
   macro avg       0.65      0.64      0.64     23119
weighted avg       0.65      0.64      0.64     23119


    