


Descripción del experimento:
----------------------------

Modelo de clasificación con un modelo TfIdf + Naive Bayes.

Argumentos del entrenamiento utilizados:
- Cantidad de clases: 5
- Idioma: español
- Proporción utilizada para dev: 0.05

Argumentos del tokenizador:
- Patrón para tokenizar: (\w+|[\.,!\(\)"\-:\?/%;¡\$'¿\\]|\d+)
- Frecuencia de documento mínima: 1
- Rango de los n-gramas: (1, 3)
- Cantidad máxima de features en el vocabulario: 10000



Classification report (train):
------------------------------
    
              precision    recall  f1-score   support

           0       0.65      0.66      0.66     87782
           1       0.49      0.40      0.44     87875
           2       0.47      0.51      0.49     87921
           3       0.54      0.49      0.51     87694
           4       0.64      0.74      0.69     87977

    accuracy                           0.56    439249
   macro avg       0.56      0.56      0.56    439249
weighted avg       0.56      0.56      0.56    439249



Classification report (dev):
------------------------------
    
              precision    recall  f1-score   support

           0       0.64      0.65      0.65      4695
           1       0.47      0.39      0.43      4574
           2       0.44      0.50      0.47      4566
           3       0.54      0.48      0.51      4807
           4       0.62      0.73      0.67      4477

    accuracy                           0.55     23119
   macro avg       0.54      0.55      0.54     23119
weighted avg       0.54      0.55      0.54     23119


    