


Descripción del experimento:
----------------------------

Modelo de clasificación con un modelo TfIdf + Naive Bayes.

Argumentos del entrenamiento utilizados:
- Cantidad de clases: 5
- Idioma: español
- Proporción utilizada para dev: 0.05

Argumentos del tokenizador:
- Patrón para tokenizar: (\w+|[\.,!\(\)"\-:\?/%;¡\$'¿\\]|\d+)
- Frecuencia de documento mínima: 1
- Rango de los n-gramas: (1, 1)
- Cantidad máxima de tokens en el vocabulario: 50000



Classification report (train):
------------------------------
    
              precision    recall  f1-score   support

           0       0.66      0.66      0.66     87782
           1       0.54      0.44      0.49     87875
           2       0.50      0.50      0.50     87921
           3       0.53      0.55      0.54     87694
           4       0.63      0.73      0.68     87977

    accuracy                           0.58    439249
   macro avg       0.57      0.58      0.57    439249
weighted avg       0.57      0.58      0.57    439249



Classification report (dev):
------------------------------
    
              precision    recall  f1-score   support

           0       0.62      0.61      0.61      4695
           1       0.44      0.36      0.40      4574
           2       0.40      0.41      0.41      4566
           3       0.46      0.47      0.47      4807
           4       0.58      0.69      0.63      4477

    accuracy                           0.51     23119
   macro avg       0.50      0.51      0.50     23119
weighted avg       0.50      0.51      0.50     23119


    