


Descripción del experimento:
----------------------------

Modelo de clasificación con un modelo TfIdf + Naive Bayes.

Argumentos del entrenamiento utilizados:
- Cantidad de clases: 5
- Idioma: español
- Proporción utilizada para dev: 0.05

Argumentos del tokenizador:
- Patrón para tokenizar: (\w+|[\.,!\(\)"\-:\?/%;¡\$'¿\\]|\d+)
- Frecuencia de documento mínima: 1
- Rango de los n-gramas: (1, 3)
- Cantidad máxima de features en el vocabulario: 10000000



Classification report (train):
------------------------------
    
              precision    recall  f1-score   support

           0       0.82      0.80      0.81     87782
           1       0.90      0.50      0.65     87875
           2       0.73      0.75      0.74     87921
           3       0.71      0.86      0.78     87694
           4       0.74      0.93      0.82     87977

    accuracy                           0.77    439249
   macro avg       0.78      0.77      0.76    439249
weighted avg       0.78      0.77      0.76    439249



Classification report (dev):
------------------------------
    
              precision    recall  f1-score   support

           0       0.68      0.65      0.66      4695
           1       0.59      0.19      0.29      4574
           2       0.41      0.37      0.39      4566
           3       0.46      0.61      0.53      4807
           4       0.55      0.82      0.66      4477

    accuracy                           0.53     23119
   macro avg       0.54      0.53      0.51     23119
weighted avg       0.54      0.53      0.51     23119


    