


Descripción del experimento:
----------------------------

Modelo de clasificación con un modelo TfIdf + Naive Bayes.

Argumentos del entrenamiento utilizados:
- Cantidad de clases: 5
- Idioma: español
- Proporción utilizada para dev: 0.05

Argumentos del tokenizador:
- Patrón para tokenizar: (\w+|[\.,!\(\)"\-:\?/%;¡\$'¿\\]|\d+)
- Frecuencia de documento mínima: 1
- Rango de los n-gramas: (1, 1)
- Cantidad máxima de features en el vocabulario: 100000



Classification report (train):
------------------------------
    
              precision    recall  f1-score   support

           0       0.68      0.67      0.67     87782
           1       0.59      0.41      0.48     87875
           2       0.51      0.52      0.52     87921
           3       0.53      0.59      0.56     87694
           4       0.62      0.75      0.68     87977

    accuracy                           0.59    439249
   macro avg       0.59      0.59      0.58    439249
weighted avg       0.59      0.59      0.58    439249



Classification report (dev):
------------------------------
    
              precision    recall  f1-score   support

           0       0.63      0.61      0.62      4695
           1       0.47      0.31      0.37      4574
           2       0.40      0.42      0.41      4566
           3       0.45      0.49      0.47      4807
           4       0.56      0.71      0.62      4477

    accuracy                           0.51     23119
   macro avg       0.50      0.51      0.50     23119
weighted avg       0.50      0.51      0.50     23119


    