


Descripción del experimento:
----------------------------

Modelo de clasificación con un modelo Bolsa de Features (catgorías) + 2LayerNet.

Argumentos del entrenamiento utilizados:
- Cantidad de clases: 5
- Idioma: es
- Rango de los n-gramas: [1, 2]
- Cantidad máxima de features en el vocabulario: 100000
- Dimensión de la capa oculta: 100
- Tamaño del batch: 512
- Tasa de aprendizaje: 0.0005
- Cantidad de epochs: 16
- Weight Decay: 0.0
- Dispositivo de entrenamiento: cuda:1
- Mostrar los datos cada 100 batches.
- Proporción utilizada para dev: 0.05


Classification Report (Train):
------------------------------
    
              precision    recall  f1-score   support

           0       0.48      0.43      0.45     87782
           1       0.43      0.57      0.49     87875
           2       0.43      0.28      0.34     87921
           3       0.44      0.31      0.36     87694
           4       0.51      0.72      0.59     87977

    accuracy                           0.46    439249
   macro avg       0.46      0.46      0.45    439249
weighted avg       0.46      0.46      0.45    439249



Classification Report (Dev):
------------------------------
    
              precision    recall  f1-score   support

           0       0.48      0.42      0.45      4695
           1       0.42      0.56      0.48      4574
           2       0.43      0.29      0.34      4566
           3       0.45      0.31      0.36      4807
           4       0.49      0.71      0.58      4477

    accuracy                           0.45     23119
   macro avg       0.45      0.46      0.44     23119
weighted avg       0.45      0.45      0.44     23119


    