


Descripción del experimento:
----------------------------

Modelo de clasificación con una red neuronal convolucional.
La secuencia de vectores es convolucionada por grupos de n_filters 
filtros, cada uno de ellos con un tamaño distinto determinado por
el parámetro filter_sizes. Por ejemplo, si n_filters es 2 y 
filter_sizes es (2,3,4), la red convoluciona la entrada con 2 filtros
de tamaño 2, 2 de tamaño 3 y 2 de tamaño 4. A eso se le hace un pooling
por filtro y se concatena todo, resultando en un vector de tamaño
n_filters * len(filter_sizes), que pasa a un layer lineal.

Argumentos del entrenamiento utilizados:
- Cantidad de clases: 2
- Idioma: es
- Cantidad máxima de palabras en el vocabulario: 60000
- Frecuencia mínima de cada palabra: 1
- Cantidad máxima de tokens por review: 512
- Dimensión de los embeddings: 300
- Tamaño de los filtros: [3, 5, 7]
- Cantidad de canales por filtro: 8
- Probabilidad de dropout: 0.2
- Tamaño del batch: 256
- Tasa de aprendizaje: 0.0005
- Cantidad de epochs: 8
- Dispositivo de entrenamiento: cuda:1
- Mostrar los datos cada 100 batches.


Classification Report (Train):
------------------------------
    
              precision    recall  f1-score   support

           0      0.980     0.970     0.975    184926
           1      0.971     0.980     0.975    184955

    accuracy                          0.975    369881
   macro avg      0.975     0.975     0.975    369881
weighted avg      0.975     0.975     0.975    369881


MAE(%): 2.49


Classification Report (Test):
------------------------------
    
              precision    recall  f1-score   support

           0      0.924     0.931     0.927     10000
           1      0.930     0.923     0.927     10000

    accuracy                          0.927     20000
   macro avg      0.927     0.927     0.927     20000
weighted avg      0.927     0.927     0.927     20000


MAE(%): 2.49

    