


Descripción del experimento:
----------------------------

Modelo de clasificación con un modelo de bolsa de palabras continuo.

Argumentos del entrenamiento utilizados:
- Cantidad de clases: 2
- Idioma: es
- Cantidad máxima de palabras en el vocabulario: 60000
- Frecuencia mínima de cada palabra: 1
- Cantidad máxima de tokens por review: 512
- Dimensión de los embeddings: 300
- Dimensión de las capas ocultas: 200
- Cantidad de capas ocultas: 4
- Probabilidad de dropout: 0.0
- Tamaño del batch: 256
- Tasa de aprendizaje: 0.0005
- Cantidad de epochs: 8
- Dispositivo de entrenamiento: cuda:1
- Mostrar los datos cada 100 batches.
- Proporción utilizada para dev: 0.05


Classification Report (Train):
------------------------------
    
              precision    recall  f1-score   support

           0      0.977     0.992     0.984    175672
           1      0.992     0.977     0.984    175714

    accuracy                          0.984    351386
   macro avg      0.984     0.984     0.984    351386
weighted avg      0.984     0.984     0.984    351386


MAE(%): 1.57


Classification Report (Dev):
------------------------------
    
              precision    recall  f1-score   support

           0      0.921     0.941     0.931      9254
           1      0.940     0.920     0.929      9241

    accuracy                          0.930     18495
   macro avg      0.930     0.930     0.930     18495
weighted avg      0.930     0.930     0.930     18495


MAE(%): 1.57

    