


Descripción del experimento:
----------------------------

Modelo de clasificación con red neuronal recurrente vainilla.

Argumentos del entrenamiento utilizados:
- Cantidad de clases: 5
- Idioma: español
- Proporción utilizada para dev: 0.05
- Mostrar los datos cada 100 batches.

Argumentos del modelo:
- Cased: True
- Probabilidad de dropout: 0.05
- Tamaño del batch: 8
- Tasa de aprendizaje: 1e-05
- Cantidad de epochs: 1
- Dispositivo de entrenamiento: cuda:1



Classification report (train):
------------------------------
    
              precision    recall  f1-score   support

           0       0.50      0.74      0.59     87782
           1       0.53      0.06      0.11     87875
           2       0.46      0.50      0.48     87921
           3       0.66      0.40      0.50     87694
           4       0.53      0.89      0.67     87977

    accuracy                           0.52    439249
   macro avg       0.53      0.52      0.47    439249
weighted avg       0.53      0.52      0.47    439249



Classification report (dev):
------------------------------
    
              precision    recall  f1-score   support

           0       0.50      0.73      0.59      4695
           1       0.52      0.07      0.12      4574
           2       0.43      0.48      0.45      4566
           3       0.65      0.37      0.47      4807
           4       0.50      0.88      0.64      4477

    accuracy                           0.50     23119
   macro avg       0.52      0.51      0.46     23119
weighted avg       0.52      0.50      0.46     23119


    