


Descripción del experimento:
----------------------------

Modelo de clasificación con red neuronal recurrente vainilla.

Argumentos del entrenamiento utilizados:
- Cantidad de clases: 5
- Idioma: español
- Proporción utilizada para dev: 0.05
- Mostrar los datos cada 100 batches.

Argumentos del modelo:
- Cased: True
- Probabilidad de dropout: 0.0
- Tamaño del batch: 8
- Tasa de aprendizaje: 1e-05
- Cantidad de epochs: 1
- Dispositivo de entrenamiento: cuda:0



Classification report (train):
------------------------------
    
              precision    recall  f1-score   support

           0       0.70      0.78      0.74     87782
           1       0.66      0.56      0.60     87875
           2       0.65      0.69      0.67     87921
           3       0.68      0.65      0.67     87694
           4       0.83      0.84      0.83     87977

    accuracy                           0.71    439249
   macro avg       0.70      0.71      0.70    439249
weighted avg       0.70      0.71      0.70    439249



Classification report (dev):
------------------------------
    
              precision    recall  f1-score   support

           0       0.69      0.76      0.72      4695
           1       0.63      0.53      0.57      4574
           2       0.61      0.67      0.64      4566
           3       0.66      0.62      0.64      4807
           4       0.79      0.81      0.80      4477

    accuracy                           0.68     23119
   macro avg       0.68      0.68      0.68     23119
weighted avg       0.68      0.68      0.68     23119


    