


Descripción del experimento:
----------------------------

Modelo de clasificación con red neuronal recurrente vainilla.

Argumentos del entrenamiento utilizados:
- Cantidad de clases: 2
- Idioma: español
- Proporción utilizada para dev: 0.05
- Mostrar los datos cada 100 batches.

Argumentos del modelo:
- Cased: True
- Probabilidad de dropout: 0.0
- Tamaño del batch: 8
- Tasa de aprendizaje: 1e-05
- Cantidad de epochs: 1
- Dispositivo de entrenamiento: cuda:1



Classification report (train):
------------------------------
    
              precision    recall  f1-score   support

           0       0.96      0.99      0.98    175672
           1       0.99      0.96      0.98    175714

    accuracy                           0.98    351386
   macro avg       0.98      0.98      0.98    351386
weighted avg       0.98      0.98      0.98    351386



Classification report (dev):
------------------------------
    
              precision    recall  f1-score   support

           0       0.96      0.98      0.97      9254
           1       0.98      0.96      0.97      9241

    accuracy                           0.97     18495
   macro avg       0.97      0.97      0.97     18495
weighted avg       0.97      0.97      0.97     18495


    