


Descripción del experimento:
----------------------------

Modelo de clasificación con red neuronal recurrente vainilla.

Argumentos del entrenamiento utilizados:
- Cantidad de clases: 5
- Idioma: español
- Proporción utilizada para dev: 0.05
- Mostrar los datos cada 100 batches.

Argumentos del modelo:
- Cased: True
- Probabilidad de dropout: 0.0
- Tamaño del batch: 8
- Tasa de aprendizaje: 0.0001
- Cantidad de epochs: 1
- Dispositivo de entrenamiento: cuda:1



Classification report (train):
------------------------------
    
              precision    recall  f1-score   support

           0       0.00      0.00      0.00     87782
           1       0.20      1.00      0.33     87875
           2       0.00      0.00      0.00     87921
           3       0.00      0.00      0.00     87694
           4       0.00      0.00      0.00     87977

    accuracy                           0.20    439249
   macro avg       0.04      0.20      0.07    439249
weighted avg       0.04      0.20      0.07    439249



Classification report (dev):
------------------------------
    
              precision    recall  f1-score   support

           0       0.00      0.00      0.00      4695
           1       0.20      1.00      0.33      4574
           2       0.00      0.00      0.00      4566
           3       0.00      0.00      0.00      4807
           4       0.00      0.00      0.00      4477

    accuracy                           0.20     23119
   macro avg       0.04      0.20      0.07     23119
weighted avg       0.04      0.20      0.07     23119


    