


Descripción del experimento:
----------------------------

Modelo de clasificación con red neuronal recurrente vainilla.

Argumentos del entrenamiento utilizados:
- Cantidad de clases: 5
- Idioma: español
- Proporción utilizada para dev: 0.05
- Mostrar los datos cada 100 batches.

Argumentos del modelo:
- Cased: True
- Probabilidad de dropout: 0.05
- Tamaño del batch: 8
- Tasa de aprendizaje: 1e-06
- Cantidad de epochs: 1
- Dispositivo de entrenamiento: cuda:1



Classification report (train):
------------------------------
    
              precision    recall  f1-score   support

           0       0.59      0.34      0.43     87782
           1       0.33      0.17      0.22     87875
           2       0.58      0.18      0.28     87921
           3       0.61      0.28      0.38     87694
           4       0.29      0.92      0.44     87977

    accuracy                           0.38    439249
   macro avg       0.48      0.38      0.35    439249
weighted avg       0.48      0.38      0.35    439249



Classification report (dev):
------------------------------
    
              precision    recall  f1-score   support

           0       0.59      0.33      0.42      4695
           1       0.33      0.17      0.22      4574
           2       0.54      0.18      0.27      4566
           3       0.62      0.28      0.38      4807
           4       0.28      0.91      0.43      4477

    accuracy                           0.37     23119
   macro avg       0.47      0.37      0.35     23119
weighted avg       0.48      0.37      0.35     23119


    