


Descripción del experimento:
----------------------------

Modelo de clasificación con red neuronal recurrente vainilla.

Argumentos del entrenamiento utilizados:
- Cantidad de clases: 5
- Idioma: español
- Proporción utilizada para dev: 0.05
- Mostrar los datos cada 100 batches.

Argumentos del modelo:
- Cased: True
- Probabilidad de dropout: 0.05
- Tamaño del batch: 8
- Tasa de aprendizaje: 1e-06
- Cantidad de epochs: 2
- Dispositivo de entrenamiento: cuda:1



Classification report (train):
------------------------------
    
              precision    recall  f1-score   support

           0       0.58      0.26      0.36     87782
           1       0.30      0.15      0.20     87875
           2       0.54      0.24      0.33     87921
           3       0.57      0.41      0.48     87694
           4       0.26      0.76      0.39     87977

    accuracy                           0.36    439249
   macro avg       0.45      0.36      0.35    439249
weighted avg       0.45      0.36      0.35    439249



Classification report (dev):
------------------------------
    
              precision    recall  f1-score   support

           0       0.58      0.25      0.35      4695
           1       0.29      0.15      0.20      4574
           2       0.51      0.24      0.33      4566
           3       0.57      0.40      0.47      4807
           4       0.25      0.75      0.38      4477

    accuracy                           0.36     23119
   macro avg       0.44      0.36      0.35     23119
weighted avg       0.45      0.36      0.35     23119


    