


Descripción del experimento:
----------------------------

Modelo de clasificación con una red neuronal recurrente RNNrelu.

Argumentos del entrenamiento utilizados:
- Cantidad de clases: 5
- Idioma: es
- Cantidad máxima de palabras en el vocabulario: 60000
- Frecuencia mínima de cada palabra: 1
- Cantidad máxima de tokens por review: 512
- Dimensión de los embeddings: 300
- Red bidireccional: True
- Dimensión de las capas ocultas: 200
- Cantidad de capas ocultas (recurrentes): 1
- Probabilidad de dropout: 0.7
- Tamaño del batch: 256
- Tasa de aprendizaje: 0.0005
- Cantidad de epochs: 12
- Dispositivo de entrenamiento: cuda:1
- Mostrar los datos cada 100 batches.


Classification Report (Train):
------------------------------
    
              precision    recall  f1-score   support

           0      0.711     0.819     0.761     92477
           1      0.699     0.571     0.628     92449
           2      0.712     0.712     0.712     92487
           3      0.722     0.677     0.698     92501
           4      0.815     0.891     0.851     92454

    accuracy                          0.734    462368
   macro avg      0.732     0.734     0.730    462368
weighted avg      0.732     0.734     0.730    462368


MAE(%): 28.90


Classification Report (Test):
------------------------------
    
              precision    recall  f1-score   support

           0      0.651     0.748     0.696      5000
           1      0.582     0.545     0.563      5000
           2      0.549     0.554     0.552      5000
           3      0.574     0.504     0.537      5000
           4      0.743     0.762     0.753      5000

    accuracy                          0.623     25000
   macro avg      0.620     0.623     0.620     25000
weighted avg      0.620     0.623     0.620     25000


MAE(%): 28.90

    