


Descripción del experimento:
----------------------------

Modelo de clasificación con una red neuronal recurrente RNNrelu.

Argumentos del entrenamiento utilizados:
- Cantidad de clases: 5
- Idioma: es
- Cantidad máxima de palabras en el vocabulario: 60000
- Frecuencia mínima de cada palabra: 1
- Cantidad máxima de tokens por review: 512
- Dimensión de los embeddings: 300
- Red bidireccional: True
- Dimensión de las capas ocultas: 200
- Cantidad de capas ocultas (recurrentes): 4
- Probabilidad de dropout: 0.0
- Tamaño del batch: 256
- Tasa de aprendizaje: 0.0005
- Cantidad de epochs: 16
- Dispositivo de entrenamiento: cuda:1
- Mostrar los datos cada 100 batches.
- Proporción utilizada para dev: 0.05


Classification Report (Train):
------------------------------
    
              precision    recall  f1-score   support

           0       0.85      0.92      0.88     87782
           1       0.86      0.81      0.83     87875
           2       0.90      0.89      0.90     87921
           3       0.88      0.92      0.90     87694
           4       0.98      0.92      0.95     87977

    accuracy                           0.89    439249
   macro avg       0.89      0.89      0.89    439249
weighted avg       0.89      0.89      0.89    439249



Classification Report (Dev):
------------------------------
    
              precision    recall  f1-score   support

           0       0.64      0.68      0.66      4695
           1       0.52      0.51      0.51      4574
           2       0.53      0.53      0.53      4566
           3       0.56      0.60      0.58      4807
           4       0.77      0.66      0.71      4477

    accuracy                           0.59     23119
   macro avg       0.60      0.59      0.60     23119
weighted avg       0.60      0.59      0.60     23119


    