


Descripción del experimento:
----------------------------

Modelo de clasificación con una red neuronal recurrente RNNrelu.

Argumentos del entrenamiento utilizados:
- Cantidad de clases: 5
- Idioma: es
- Cantidad máxima de palabras en el vocabulario: 60000
- Frecuencia mínima de cada palabra: 1
- Cantidad máxima de tokens por review: 512
- Dimensión de los embeddings: 300
- Red bidireccional: True
- Dimensión de las capas ocultas: 200
- Cantidad de capas ocultas (recurrentes): 8
- Probabilidad de dropout: 0.0
- Tamaño del batch: 256
- Tasa de aprendizaje: 0.0005
- Cantidad de epochs: 16
- Dispositivo de entrenamiento: cuda:1
- Mostrar los datos cada 100 batches.
- Proporción utilizada para dev: 0.05


Classification Report (Train):
------------------------------
    
              precision    recall  f1-score   support

           0       0.78      0.84      0.81     87782
           1       0.73      0.72      0.72     87875
           2       0.80      0.80      0.80     87921
           3       0.82      0.81      0.81     87694
           4       0.94      0.89      0.91     87977

    accuracy                           0.81    439249
   macro avg       0.81      0.81      0.81    439249
weighted avg       0.81      0.81      0.81    439249



Classification Report (Dev):
------------------------------
    
              precision    recall  f1-score   support

           0       0.65      0.70      0.67      4695
           1       0.55      0.55      0.55      4574
           2       0.54      0.56      0.55      4566
           3       0.58      0.56      0.57      4807
           4       0.76      0.70      0.73      4477

    accuracy                           0.61     23119
   macro avg       0.62      0.61      0.61     23119
weighted avg       0.62      0.61      0.61     23119


    