


Descripción del experimento:
----------------------------

Modelo de clasificación con una red neuronal recurrente RNNrelu.

Argumentos del entrenamiento utilizados:
- Cantidad de clases: 5
- Idioma: es
- Cantidad máxima de palabras en el vocabulario: 60000
- Frecuencia mínima de cada palabra: 1
- Cantidad máxima de tokens por review: 512
- Dimensión de los embeddings: 300
- Red bidireccional: True
- Dimensión de las capas ocultas: 200
- Cantidad de capas ocultas (recurrentes): 1
- Probabilidad de dropout: 0.0
- Tamaño del batch: 256
- Tasa de aprendizaje: 0.0005
- Cantidad de epochs: 16
- Dispositivo de entrenamiento: cuda:1
- Mostrar los datos cada 100 batches.
- Proporción utilizada para dev: 0.05


Classification Report (Train):
------------------------------
    
              precision    recall  f1-score   support

           0       0.83      0.86      0.84     87782
           1       0.78      0.79      0.79     87875
           2       0.85      0.83      0.84     87921
           3       0.84      0.85      0.84     87694
           4       0.94      0.91      0.92     87977

    accuracy                           0.85    439249
   macro avg       0.85      0.85      0.85    439249
weighted avg       0.85      0.85      0.85    439249



Classification Report (Dev):
------------------------------
    
              precision    recall  f1-score   support

           0       0.65      0.66      0.65      4695
           1       0.54      0.56      0.55      4574
           2       0.54      0.53      0.54      4566
           3       0.57      0.57      0.57      4807
           4       0.74      0.71      0.72      4477

    accuracy                           0.60     23119
   macro avg       0.61      0.60      0.61     23119
weighted avg       0.61      0.60      0.60     23119


    