


Descripción del experimento:
----------------------------

Modelo de clasificación con una red neuronal recurrente RNNrelu.

Argumentos del entrenamiento utilizados:
- Cantidad de clases: 5
- Idioma: es
- Cantidad máxima de palabras en el vocabulario: 60000
- Frecuencia mínima de cada palabra: 1
- Cantidad máxima de tokens por review: 512
- Dimensión de los embeddings: 300
- Red bidireccional: True
- Dimensión de las capas ocultas: 200
- Cantidad de capas ocultas (recurrentes): 2
- Probabilidad de dropout: 0.0
- Tamaño del batch: 256
- Tasa de aprendizaje: 0.0005
- Cantidad de epochs: 16
- Dispositivo de entrenamiento: cuda:1
- Mostrar los datos cada 100 batches.
- Proporción utilizada para dev: 0.05


Classification Report (Train):
------------------------------
    
              precision    recall  f1-score   support

           0       0.80      0.74      0.77     87782
           1       0.68      0.69      0.68     87875
           2       0.73      0.75      0.74     87921
           3       0.75      0.75      0.75     87694
           4       0.86      0.89      0.87     87977

    accuracy                           0.76    439249
   macro avg       0.76      0.76      0.76    439249
weighted avg       0.76      0.76      0.76    439249



Classification Report (Dev):
------------------------------
    
              precision    recall  f1-score   support

           0       0.70      0.64      0.67      4695
           1       0.56      0.57      0.57      4574
           2       0.55      0.58      0.56      4566
           3       0.58      0.57      0.57      4807
           4       0.73      0.76      0.74      4477

    accuracy                           0.62     23119
   macro avg       0.62      0.62      0.62     23119
weighted avg       0.62      0.62      0.62     23119


    