


Descripción del experimento:
----------------------------

Modelo de clasificación con una red neuronal recurrente GRU.

Argumentos del entrenamiento utilizados:
- Cantidad de clases: 5
- Idioma: es
- Cantidad máxima de palabras en el vocabulario: 60000
- Frecuencia mínima de cada palabra: 1
- Cantidad máxima de tokens por review: 512
- Dimensión de los embeddings: 300
- Red bidireccional: False
- Dimensión de las capas ocultas: 200
- Cantidad de capas ocultas (recurrentes): 1
- Probabilidad de dropout: 0.2
- Tamaño del batch: 256
- Tasa de aprendizaje: 0.0005
- Cantidad de epochs: 8
- Dispositivo de entrenamiento: cuda:1
- Mostrar los datos cada 100 batches.


Classification Report (Train):
------------------------------
    
              precision    recall  f1-score   support

           0      0.783     0.832     0.806     92477
           1      0.754     0.714     0.734     92449
           2      0.832     0.797     0.814     92487
           3      0.806     0.851     0.828     92501
           4      0.929     0.906     0.917     92454

    accuracy                          0.820    462368
   macro avg      0.821     0.820     0.820    462368
weighted avg      0.821     0.820     0.820    462368


MAE(%): 19.16


Classification Report (Test):
------------------------------
    
              precision    recall  f1-score   support

           0      0.665     0.705     0.685      5000
           1      0.543     0.579     0.560      5000
           2      0.539     0.517     0.528      5000
           3      0.546     0.567     0.556      5000
           4      0.788     0.689     0.735      5000

    accuracy                          0.612     25000
   macro avg      0.616     0.612     0.613     25000
weighted avg      0.616     0.612     0.613     25000


MAE(%): 19.16

    