


Descripción del experimento:
----------------------------

Modelo de clasificación con una red neuronal recurrente RNNrelu.

Argumentos del entrenamiento utilizados:
- Cantidad de clases: 5
- Idioma: es
- Cantidad máxima de palabras en el vocabulario: 60000
- Frecuencia mínima de cada palabra: 1
- Cantidad máxima de tokens por review: 512
- Dimensión de los embeddings: 300
- Red bidireccional: False
- Dimensión de las capas ocultas: 200
- Cantidad de capas ocultas (recurrentes): 1
- Probabilidad de dropout: 0.0
- Tamaño del batch: 256
- Tasa de aprendizaje: 0.0005
- Cantidad de epochs: 16
- Dispositivo de entrenamiento: cuda:1
- Mostrar los datos cada 100 batches.
- Proporción utilizada para dev: 0.05


Classification Report (Train):
------------------------------
    
              precision    recall  f1-score   support

           0       0.84      0.66      0.74     87782
           1       0.65      0.74      0.70     87875
           2       0.72      0.74      0.73     87921
           3       0.67      0.79      0.73     87694
           4       0.89      0.77      0.83     87977

    accuracy                           0.74    439249
   macro avg       0.76      0.74      0.75    439249
weighted avg       0.76      0.74      0.75    439249



Classification Report (Dev):
------------------------------
    
              precision    recall  f1-score   support

           0       0.74      0.55      0.63      4695
           1       0.53      0.61      0.57      4574
           2       0.53      0.55      0.54      4566
           3       0.54      0.65      0.59      4807
           4       0.79      0.67      0.72      4477

    accuracy                           0.61     23119
   macro avg       0.63      0.61      0.61     23119
weighted avg       0.63      0.61      0.61     23119


    