


Descripción del experimento:
----------------------------

Modelo de clasificación con un modelo TfIdf + Naive Bayes.

Argumentos del entrenamiento utilizados:
- Cantidad de clases: 3
- Idioma: español
- Proporción utilizada para dev: 0.05

Argumentos del tokenizador:
- Patrón para tokenizar: (\w+|[\.,!\(\)"\-:\?/%;¡\$'¿\\]|\d+)
- Frecuencia de documento mínima: 1
- Rango de los n-gramas: (1, 1)
- Cantidad máxima de features en el vocabulario: 200000



Classification report (train):
------------------------------
    
              precision    recall  f1-score   support

           0       0.78      0.82      0.80    175657
           1       0.91      0.03      0.05     87921
           2       0.65      0.94      0.77    175671

    accuracy                           0.71    439249
   macro avg       0.78      0.60      0.54    439249
weighted avg       0.76      0.71      0.64    439249



Classification report (dev):
------------------------------
    
              precision    recall  f1-score   support

           0       0.78      0.79      0.78      9269
           1       0.67      0.01      0.02      4566
           2       0.64      0.93      0.76      9284

    accuracy                           0.69     23119
   macro avg       0.69      0.58      0.52     23119
weighted avg       0.70      0.69      0.62     23119


    