


Descripción del experimento:
----------------------------

Modelo de clasificación con un modelo TfIdf + Naive Bayes.

Argumentos del entrenamiento utilizados:
- Cantidad de clases: 3
- Idioma: español

Argumentos del tokenizador:
- Patrón para tokenizar: (\w+|[\.,!\(\)"\-:\?/%;¡\$'¿\\]|\d+)
- Frecuencia de documento mínima: 1
- Rango de los n-gramas: (1, 3)
- Cantidad máxima de features en el vocabulario: 500000



Classification report (train):
------------------------------
    
              precision    recall  f1-score   support

           0       0.83      0.88      0.85    184926
           1       0.77      0.26      0.39     92487
           2       0.75      0.95      0.84    184955

    accuracy                           0.79    462368
   macro avg       0.78      0.70      0.69    462368
weighted avg       0.79      0.79      0.75    462368



Classification report (test):
------------------------------
    
              precision    recall  f1-score   support

           0       0.79      0.83      0.81     10000
           1       0.58      0.12      0.20      5000
           2       0.70      0.94      0.80     10000

    accuracy                           0.73     25000
   macro avg       0.69      0.63      0.60     25000
weighted avg       0.71      0.73      0.68     25000


    