


Descripci칩n del experimento:
----------------------------

Modelo de clasificaci칩n con un modelo TfIdf + Naive Bayes.

Argumentos del entrenamiento utilizados:
- Cantidad de clases: 3
- Idioma: es
- Rango de los n-gramas: [1, 3]
- Cantidad m치xima de features en el vocabulario: 10000
- Proporci칩n utilizada para dev: 0.05


Classification Report (Train):
------------------------------
    
              precision    recall  f1-score   support

           0      0.811     0.814     0.813    175657
           1      0.533     0.328     0.406     87921
           2      0.736     0.874     0.799    175671

    accuracy                          0.741    439249
   macro avg      0.693     0.672     0.673    439249
weighted avg      0.725     0.741     0.726    439249


MAE(%): 32.61


Classification Report (Dev):
------------------------------
    
              precision    recall  f1-score   support

           0      0.811     0.811     0.811      9269
           1      0.505     0.314     0.387      4566
           2      0.733     0.869     0.795      9284

    accuracy                          0.736     23119
   macro avg      0.683     0.665     0.665     23119
weighted avg      0.719     0.736     0.721     23119


MAE(%): 32.61

    