


Descripción del experimento:
----------------------------

Modelo de clasificación con un modelo TfIdf + Naive Bayes.

Argumentos del entrenamiento utilizados:
- Cantidad de clases: 3
- Idioma: español
- Proporción utilizada para dev: 0.05

Argumentos del tokenizador:
- Patrón para tokenizar: (\w+|[\.,!\(\)"\-:\?/%;¡\$'¿\\]|\d+)
- Frecuencia de documento mínima: 1
- Rango de los n-gramas: (1, 2)
- Cantidad máxima de features en el vocabulario: 500000



Classification report (train):
------------------------------
    
              precision    recall  f1-score   support

           0       0.82      0.87      0.84    175657
           1       0.88      0.07      0.13     87921
           2       0.69      0.97      0.81    175671

    accuracy                           0.75    439249
   macro avg       0.80      0.64      0.59    439249
weighted avg       0.78      0.75      0.69    439249



Classification report (dev):
------------------------------
    
              precision    recall  f1-score   support

           0       0.81      0.84      0.82      9269
           1       0.59      0.03      0.05      4566
           2       0.67      0.95      0.79      9284

    accuracy                           0.72     23119
   macro avg       0.69      0.61      0.55     23119
weighted avg       0.71      0.72      0.66     23119


    