


Descripci칩n del experimento:
----------------------------

Modelo de clasificaci칩n con un modelo TfIdf + Naive Bayes.

Argumentos del entrenamiento utilizados:
- Cantidad de clases: 3
- Idioma: es
- Rango de los n-gramas: [1, 3]
- Cantidad m치xima de features en el vocabulario: 100000
- Proporci칩n utilizada para dev: 0.05


Classification Report (Train):
------------------------------
    
              precision    recall  f1-score   support

           0      0.832     0.846     0.839    175657
           1      0.589     0.413     0.485     87921
           2      0.781     0.886     0.830    175671

    accuracy                          0.775    439249
   macro avg      0.734     0.715     0.718    439249
weighted avg      0.763     0.775     0.765    439249


MAE(%): 27.46


Classification Report (Dev):
------------------------------
    
              precision    recall  f1-score   support

           0      0.822     0.831     0.826      9269
           1      0.519     0.358     0.424      4566
           2      0.766     0.874     0.816      9284

    accuracy                          0.755     23119
   macro avg      0.702     0.688     0.689     23119
weighted avg      0.740     0.755     0.743     23119


MAE(%): 27.46

    