


Descripción del experimento:
----------------------------

Modelo de clasificación con un modelo TfIdf + Naive Bayes.

Argumentos del entrenamiento utilizados:
- Cantidad de clases: 3
- Idioma: español
- Proporción utilizada para dev: 0.05

Argumentos del tokenizador:
- Patrón para tokenizar: (\w+|[\.,!\(\)"\-:\?/%;¡\$'¿\\]|\d+)
- Frecuencia de documento mínima: 1
- Rango de los n-gramas: (1, 3)
- Cantidad máxima de features en el vocabulario: 500000



Classification report (train):
------------------------------
    
              precision    recall  f1-score   support

           0       0.83      0.89      0.85    175657
           1       0.78      0.25      0.37     87921
           2       0.75      0.95      0.84    175671

    accuracy                           0.78    439249
   macro avg       0.79      0.69      0.69    439249
weighted avg       0.79      0.78      0.75    439249



Classification report (dev):
------------------------------
    
              precision    recall  f1-score   support

           0       0.81      0.86      0.83      9269
           1       0.59      0.13      0.22      4566
           2       0.71      0.94      0.81      9284

    accuracy                           0.75     23119
   macro avg       0.70      0.64      0.62     23119
weighted avg       0.73      0.75      0.70     23119


    