


Descripción del experimento:
----------------------------

Modelo de clasificación con un modelo TfIdf + Naive Bayes.

Argumentos del entrenamiento utilizados:
- Cantidad de clases: 3
- Idioma: es
- Rango de los n-gramas: [1, 3]
- Cantidad máxima de features en el vocabulario: 100000


Classification Report (Train):
------------------------------
    
              precision    recall  f1-score   support

           0      0.833     0.845     0.839    184926
           1      0.585     0.413     0.484     92487
           2      0.781     0.885     0.830    184955

    accuracy                          0.774    462368
   macro avg      0.733     0.714     0.718    462368
weighted avg      0.763     0.774     0.764    462368


MAE(%): 27.50


Classification Report (Test):
------------------------------
    
              precision    recall  f1-score   support

           0      0.805     0.816     0.810     10000
           1      0.524     0.322     0.399      5000
           2      0.744     0.877     0.805     10000

    accuracy                          0.741     25000
   macro avg      0.691     0.672     0.671     25000
weighted avg      0.724     0.741     0.726     25000


MAE(%): 27.50

    