


Descripción del experimento:
----------------------------

Modelo de clasificación con un modelo TfIdf + Naive Bayes.

Argumentos del entrenamiento utilizados:
- Cantidad de clases: 3
- Idioma: español
- Proporción utilizada para dev: 0.05

Argumentos del tokenizador:
- Patrón para tokenizar: (\w+|[\.,!\(\)"\-:\?/%;¡\$'¿\\]|\d+)
- Frecuencia de documento mínima: 1
- Rango de los n-gramas: (1, 3)
- Cantidad máxima de features en el vocabulario: 1000000



Classification report (train):
------------------------------
    
              precision    recall  f1-score   support

           0       0.83      0.89      0.86    175657
           1       0.89      0.09      0.17     87921
           2       0.71      0.97      0.82    175671

    accuracy                           0.76    439249
   macro avg       0.81      0.65      0.61    439249
weighted avg       0.79      0.76      0.70    439249



Classification report (dev):
------------------------------
    
              precision    recall  f1-score   support

           0       0.82      0.85      0.83      9269
           1       0.61      0.03      0.06      4566
           2       0.67      0.96      0.79      9284

    accuracy                           0.73     23119
   macro avg       0.70      0.61      0.56     23119
weighted avg       0.72      0.73      0.66     23119


    