


Descripción del experimento:
----------------------------

Modelo de clasificación con un modelo TfIdf + Naive Bayes.

Argumentos del entrenamiento utilizados:
- Cantidad de clases: 3
- Idioma: español
- Proporción utilizada para dev: 0.05

Argumentos del tokenizador:
- Patrón para tokenizar: (\w+|[\.,!\(\)"\-:\?/%;¡\$'¿\\]|\d+)
- Frecuencia de documento mínima: 1
- Rango de los n-gramas: (1, 1)
- Cantidad máxima de features en el vocabulario: 100000



Classification report (train):
------------------------------
    
              precision    recall  f1-score   support

           0       0.77      0.82      0.80    175657
           1       0.85      0.04      0.08     87921
           2       0.66      0.93      0.78    175671

    accuracy                           0.71    439249
   macro avg       0.76      0.60      0.55    439249
weighted avg       0.74      0.71      0.65    439249



Classification report (dev):
------------------------------
    
              precision    recall  f1-score   support

           0       0.76      0.80      0.78      9269
           1       0.59      0.02      0.03      4566
           2       0.64      0.92      0.76      9284

    accuracy                           0.69     23119
   macro avg       0.67      0.58      0.52     23119
weighted avg       0.68      0.69      0.62     23119


    