


Descripción del experimento:
----------------------------

Modelo de clasificación con un modelo TfIdf + Naive Bayes.

Argumentos del entrenamiento utilizados:
- Cantidad de clases: 2
- Idioma: es
- Rango de los n-gramas: [1, 3]
- Cantidad máxima de features en el vocabulario: 100000


Classification Report (Train):
------------------------------
    
              precision    recall  f1-score   support

           0      0.945     0.886     0.915    184926
           1      0.893     0.948     0.920    184955

    accuracy                          0.917    369881
   macro avg      0.919     0.917     0.917    369881
weighted avg      0.919     0.917     0.917    369881


MAE(%): 8.25


Classification Report (Test):
------------------------------
    
              precision    recall  f1-score   support

           0      0.934     0.856     0.894     10000
           1      0.867     0.940     0.902     10000

    accuracy                          0.898     20000
   macro avg      0.901     0.898     0.898     20000
weighted avg      0.901     0.898     0.898     20000


MAE(%): 8.25

    