


Descripción del experimento:
----------------------------

Modelo de clasificación con un modelo TfIdf + Naive Bayes.

Argumentos del entrenamiento utilizados:
- Cantidad de clases: 2
- Idioma: español

Argumentos del tokenizador:
- Patrón para tokenizar: (\w+|[!?\.,])
- Frecuencia de documento mínima: 1
- Rango de los n-gramas: (1, 3)
- Cantidad máxima de features en el vocabulario: 100000



Classification report (train):
------------------------------
    
              precision    recall  f1-score   support

           0       0.95      0.89      0.91    184926
           1       0.89      0.95      0.92    184955

    accuracy                           0.92    369881
   macro avg       0.92      0.92      0.92    369881
weighted avg       0.92      0.92      0.92    369881



Classification report (test):
------------------------------
    
              precision    recall  f1-score   support

           0       0.93      0.86      0.89     10000
           1       0.87      0.94      0.90     10000

    accuracy                           0.90     20000
   macro avg       0.90      0.90      0.90     20000
weighted avg       0.90      0.90      0.90     20000


    