


Descripci칩n del experimento:
----------------------------

Modelo de clasificaci칩n con un modelo TfIdf + Naive Bayes.

Argumentos del entrenamiento utilizados:
- Cantidad de clases: 2
- Idioma: es
- Rango de los n-gramas: [1, 3]
- Cantidad m치xima de features en el vocabulario: 100000
- Proporci칩n utilizada para dev: 0.05


Classification Report (Train):
------------------------------
    
              precision    recall  f1-score   support

           0      0.945     0.886     0.915    175672
           1      0.893     0.949     0.920    175714

    accuracy                          0.918    351386
   macro avg      0.919     0.918     0.917    351386
weighted avg      0.919     0.918     0.917    351386


MAE(%): 8.25


Classification Report (Dev):
------------------------------
    
              precision    recall  f1-score   support

           0      0.939     0.874     0.905      9254
           1      0.882     0.944     0.912      9241

    accuracy                          0.909     18495
   macro avg      0.911     0.909     0.908     18495
weighted avg      0.911     0.909     0.908     18495


MAE(%): 8.25

    