


Descripción del experimento:
----------------------------

Modelo de clasificación con una red neuronal recurrente RNNrelu.

Argumentos del entrenamiento utilizados:
- Cantidad de clases: 2
- Idioma: es
- Cantidad máxima de palabras en el vocabulario: 60000
- Frecuencia mínima de cada palabra: 1
- Cantidad máxima de tokens por review: 512
- Dimensión de los embeddings: 300
- Red bidireccional: True
- Dimensión de las capas ocultas: 200
- Cantidad de capas ocultas (recurrentes): 1
- Probabilidad de dropout: 0.7
- Tamaño del batch: 256
- Tasa de aprendizaje: 0.0005
- Cantidad de epochs: 12
- Dispositivo de entrenamiento: cuda:1
- Mostrar los datos cada 100 batches.


Classification Report (Train):
------------------------------
    
              precision    recall  f1-score   support

           0      0.984     0.994     0.989    184926
           1      0.994     0.984     0.989    184955

    accuracy                          0.989    369881
   macro avg      0.989     0.989     0.989    369881
weighted avg      0.989     0.989     0.989    369881


MAE(%): 1.11


Classification Report (Test):
------------------------------
    
              precision    recall  f1-score   support

           0      0.911     0.962     0.936     10000
           1      0.960     0.906     0.932     10000

    accuracy                          0.934     20000
   macro avg      0.936     0.934     0.934     20000
weighted avg      0.936     0.934     0.934     20000


MAE(%): 1.11

    