


Descripción del experimento:
----------------------------

Modelo de clasificación con una red neuronal recurrente GRU.

Argumentos del entrenamiento utilizados:
- Cantidad de clases: 2
- Idioma: es
- Cantidad máxima de palabras en el vocabulario: 60000
- Frecuencia mínima de cada palabra: 1
- Cantidad máxima de tokens por review: 512
- Dimensión de los embeddings: 300
- Red bidireccional: False
- Dimensión de las capas ocultas: 200
- Cantidad de capas ocultas (recurrentes): 1
- Probabilidad de dropout: 0.5
- Tamaño del batch: 256
- Tasa de aprendizaje: 0.0005
- Cantidad de epochs: 8
- Dispositivo de entrenamiento: cuda:1
- Mostrar los datos cada 100 batches.
- Proporción utilizada para dev: 0.05


Classification Report (Train):
------------------------------
    
              precision    recall  f1-score   support

           0      0.994     0.998     0.996    175672
           1      0.998     0.994     0.996    175714

    accuracy                          0.996    351386
   macro avg      0.996     0.996     0.996    351386
weighted avg      0.996     0.996     0.996    351386


MAE(%): 0.43


Classification Report (Dev):
------------------------------
    
              precision    recall  f1-score   support

           0      0.953     0.959     0.956      9254
           1      0.959     0.953     0.956      9241

    accuracy                          0.956     18495
   macro avg      0.956     0.956     0.956     18495
weighted avg      0.956     0.956     0.956     18495


MAE(%): 0.43

    