


Descripción del experimento:
----------------------------

Modelo de clasificación con una red neuronal recurrente LSTM.

Argumentos del entrenamiento utilizados:
- Cantidad de clases: 2
- Idioma: es
- Cantidad máxima de palabras en el vocabulario: 60000
- Frecuencia mínima de cada palabra: 1
- Cantidad máxima de tokens por review: 512
- Dimensión de los embeddings: 300
- Red bidireccional: True
- Dimensión de las capas ocultas: 200
- Cantidad de capas ocultas (recurrentes): 1
- Probabilidad de dropout: 0.2
- Tamaño del batch: 256
- Tasa de aprendizaje: 0.0005
- Cantidad de epochs: 8
- Dispositivo de entrenamiento: cuda:1
- Mostrar los datos cada 100 batches.


Classification Report (Train):
------------------------------
    
              precision    recall  f1-score   support

           0      0.998     0.998     0.998    184926
           1      0.998     0.998     0.998    184955

    accuracy                          0.998    369881
   macro avg      0.998     0.998     0.998    369881
weighted avg      0.998     0.998     0.998    369881


MAE(%): 0.24


Classification Report (Test):
------------------------------
    
              precision    recall  f1-score   support

           0      0.927     0.950     0.939     10000
           1      0.949     0.925     0.937     10000

    accuracy                          0.938     20000
   macro avg      0.938     0.938     0.938     20000
weighted avg      0.938     0.938     0.938     20000


MAE(%): 0.24

    