


Descripción del experimento:
----------------------------

Modelo de clasificación con un modelo Bolsa de Features (catgorías) + 2LayerNet.

Argumentos del entrenamiento utilizados:
- Cantidad de clases: 2
- Idioma: es
- Rango de los n-gramas: [1, 2]
- Cantidad máxima de features en el vocabulario: 50000
- Dimensión de la capa oculta: 50
- Tamaño del batch: 512
- Tasa de aprendizaje: 0.0001
- Cantidad de epochs: 16
- Weight Decay: 0.0
- Dispositivo de entrenamiento: cuda:1
- Mostrar los datos cada 100 batches.
- Proporción utilizada para dev: 0.05


Classification Report (Train):
------------------------------

              precision    recall  f1-score   support

           0      0.785     0.847     0.815    175672
           1      0.834     0.767     0.799    175714

    accuracy                          0.807    351386
   macro avg      0.809     0.807     0.807    351386
weighted avg      0.809     0.807     0.807    351386

    
MAE(%): 19.26


Classification Report (Dev):
------------------------------
    
              precision    recall  f1-score   support

           0      0.792     0.849     0.820      9254
           1      0.837     0.777     0.806      9241

    accuracy                          0.813     18495
   macro avg      0.815     0.813     0.813     18495
weighted avg      0.815     0.813     0.813     18495


MAE(%): 19.26

    