


Descripción del experimento:
----------------------------

Modelo de clasificación con un modelo Bolsa de Features (catgorías) + 2LayerNet.

Argumentos del entrenamiento utilizados:
- Cantidad de clases: 2
- Idioma: es
- Rango de los n-gramas: [1, 2]
- Cantidad máxima de features en el vocabulario: 50000
- Dimensión de la capa oculta: 400
- Tamaño del batch: 512
- Tasa de aprendizaje: 0.0001
- Cantidad de epochs: 16
- Weight Decay: 0.0
- Dispositivo de entrenamiento: cuda:1
- Mostrar los datos cada 100 batches.
- Proporción utilizada para dev: 0.05


Classification Report (Train):
------------------------------

              precision    recall  f1-score   support

           0      0.811     0.836     0.823    175672
           1      0.830     0.805     0.818    175714

    accuracy                          0.820    351386
   macro avg      0.821     0.820     0.820    351386
weighted avg      0.821     0.820     0.820    351386

    
MAE(%): 17.97


Classification Report (Dev):
------------------------------
    
              precision    recall  f1-score   support

           0      0.818     0.837     0.827      9254
           1      0.833     0.814     0.823      9241

    accuracy                          0.825     18495
   macro avg      0.825     0.825     0.825     18495
weighted avg      0.825     0.825     0.825     18495


MAE(%): 17.97

    