


Descripción del experimento:
----------------------------

Modelo de clasificación con un modelo Bolsa de Features (catgorías) + 2LayerNet.

Argumentos del entrenamiento utilizados:
- Cantidad de clases: 2
- Idioma: es
- Rango de los n-gramas: [1, 3]
- Cantidad máxima de features en el vocabulario: 100000
- Dimensión de la capa oculta: 200
- Tamaño del batch: 256
- Tasa de aprendizaje: 0.0005
- Cantidad de epochs: 8
- Weight Decay: 0.0
- Dispositivo de entrenamiento: cuda:1
- Mostrar los datos cada 100 batches.
- Proporción utilizada para dev: 0.05


Classification Report (Train):
------------------------------
    
              precision    recall  f1-score   support

           0       0.82      0.83      0.83    175672
           1       0.83      0.81      0.82    175714

    accuracy                           0.82    351386
   macro avg       0.82      0.82      0.82    351386
weighted avg       0.82      0.82      0.82    351386



Classification Report (Dev):
------------------------------
    
              precision    recall  f1-score   support

           0       0.82      0.84      0.83      9254
           1       0.83      0.82      0.83      9241

    accuracy                           0.83     18495
   macro avg       0.83      0.83      0.83     18495
weighted avg       0.83      0.83      0.83     18495


    