


Descripción del experimento:
----------------------------

Modelo de clasificación con un modelo Bolsa de Features (catgorías) + 2LayerNet.

Argumentos del entrenamiento utilizados:
- Cantidad de clases: 2
- Idioma: es
- Rango de los n-gramas: [1, 2]
- Cantidad máxima de features en el vocabulario: 50000
- Dimensión de la capa oculta: 100
- Tamaño del batch: 512
- Tasa de aprendizaje: 0.0001
- Cantidad de epochs: 16
- Weight Decay: 0.0
- Dispositivo de entrenamiento: cuda:1
- Mostrar los datos cada 100 batches.
- Proporción utilizada para dev: 0.05


Classification Report (Train):
------------------------------

              precision    recall  f1-score   support

           0      0.794     0.846     0.819    175672
           1      0.835     0.781     0.807    175714

    accuracy                          0.813    351386
   macro avg      0.814     0.813     0.813    351386
weighted avg      0.814     0.813     0.813    351386

    
MAE(%): 18.69


Classification Report (Dev):
------------------------------
    
              precision    recall  f1-score   support

           0      0.802     0.847     0.824      9254
           1      0.838     0.791     0.814      9241

    accuracy                          0.819     18495
   macro avg      0.820     0.819     0.819     18495
weighted avg      0.820     0.819     0.819     18495


MAE(%): 18.69

    