


Descripción del experimento:
----------------------------

Modelo de clasificación con un modelo Bolsa de Features (catgorías) + 2LayerNet.

Argumentos del entrenamiento utilizados:
- Cantidad de clases: 2
- Idioma: es
- Rango de los n-gramas: [1, 2]
- Cantidad máxima de features en el vocabulario: 50000
- Dimensión de la capa oculta: 200
- Tamaño del batch: 512
- Tasa de aprendizaje: 0.0001
- Cantidad de epochs: 16
- Weight Decay: 0.0
- Dispositivo de entrenamiento: cuda:1
- Mostrar los datos cada 100 batches.
- Proporción utilizada para dev: 0.05


Classification Report (Train):
------------------------------

              precision    recall  f1-score   support

           0      0.800     0.846     0.822    175672
           1      0.837     0.788     0.812    175714

    accuracy                          0.817    351386
   macro avg      0.818     0.817     0.817    351386
weighted avg      0.818     0.817     0.817    351386

    
MAE(%): 18.28


Classification Report (Dev):
------------------------------
    
              precision    recall  f1-score   support

           0      0.806     0.846     0.826      9254
           1      0.838     0.796     0.816      9241

    accuracy                          0.821     18495
   macro avg      0.822     0.821     0.821     18495
weighted avg      0.822     0.821     0.821     18495


MAE(%): 18.28

    