


Descripción del experimento:
----------------------------

Modelo de clasificación con un modelo de bolsa de palabras continuo.

Argumentos del entrenamiento utilizados:
- Cantidad de clases: 5
- Idioma: es
- Cantidad máxima de palabras en el vocabulario: 60000
- Frecuencia mínima de cada palabra: 1
- Cantidad máxima de tokens por review: 512
- Dimensión de los embeddings: 300
- Dimensión de las capas ocultas: 200
- Cantidad de capas ocultas: 4
- Probabilidad de dropout: 0.5
- Tamaño del batch: 256
- Tasa de aprendizaje: 0.0005
- Cantidad de epochs: 16
- Dispositivo de entrenamiento: cuda:1
- Mostrar los datos cada 100 batches.
- Proporción utilizada para dev: 0.05


Classification Report (Train):
------------------------------
    
              precision    recall  f1-score   support

           0       0.82      0.74      0.78     87782
           1       0.69      0.73      0.71     87875
           2       0.74      0.76      0.75     87921
           3       0.76      0.79      0.77     87694
           4       0.89      0.89      0.89     87977

    accuracy                           0.78    439249
   macro avg       0.78      0.78      0.78    439249
weighted avg       0.78      0.78      0.78    439249



Classification Report (Dev):
------------------------------
    
              precision    recall  f1-score   support

           0       0.67      0.59      0.63      4695
           1       0.52      0.55      0.54      4574
           2       0.48      0.50      0.49      4566
           3       0.53      0.54      0.53      4807
           4       0.70      0.71      0.70      4477

    accuracy                           0.58     23119
   macro avg       0.58      0.58      0.58     23119
weighted avg       0.58      0.58      0.58     23119


    