


Descripción del experimento:
----------------------------

Modelo de clasificación con un modelo de bolsa de palabras continuo.

Argumentos del entrenamiento utilizados:
- Cantidad de clases: 5
- Idioma: es
- Cantidad máxima de palabras en el vocabulario: 60000
- Frecuencia mínima de cada palabra: 1
- Cantidad máxima de tokens por review: 512
- Dimensión de los embeddings: 300
- Dimensión de las capas ocultas: 200
- Cantidad de capas ocultas: 4
- Probabilidad de dropout: 0.0
- Tamaño del batch: 256
- Tasa de aprendizaje: 0.0005
- Cantidad de epochs: 16
- Dispositivo de entrenamiento: cuda:1
- Mostrar los datos cada 100 batches.
- Proporción utilizada para dev: 0.05


Classification Report (Train):
------------------------------
    
              precision    recall  f1-score   support

           0       0.89      0.81      0.85     87782
           1       0.78      0.86      0.81     87875
           2       0.86      0.87      0.87     87921
           3       0.86      0.88      0.87     87694
           4       0.96      0.92      0.94     87977

    accuracy                           0.87    439249
   macro avg       0.87      0.87      0.87    439249
weighted avg       0.87      0.87      0.87    439249



Classification Report (Dev):
------------------------------
    
              precision    recall  f1-score   support

           0       0.66      0.57      0.61      4695
           1       0.49      0.56      0.52      4574
           2       0.45      0.49      0.47      4566
           3       0.51      0.52      0.51      4807
           4       0.71      0.65      0.68      4477

    accuracy                           0.55     23119
   macro avg       0.56      0.56      0.56     23119
weighted avg       0.56      0.55      0.56     23119


    