


Descripción del experimento:
----------------------------

Modelo de clasificación con un modelo de bolsa de palabras continuo.

Argumentos del entrenamiento utilizados:
- Cantidad de clases: 5
- Idioma: es
- Cantidad máxima de palabras en el vocabulario: 60000
- Frecuencia mínima de cada palabra: 1
- Cantidad máxima de tokens por review: 512
- Dimensión de los embeddings: 300
- Dimensión de las capas ocultas: 50
- Cantidad de capas ocultas: 2
- Probabilidad de dropout: 0.0
- Tamaño del batch: 256
- Tasa de aprendizaje: 0.0005
- Cantidad de epochs: 8
- Dispositivo de entrenamiento: cuda:1
- Mostrar los datos cada 100 batches.
- Proporción utilizada para dev: 0.05


Classification Report (Train):
------------------------------
    
              precision    recall  f1-score   support

           0       0.73      0.72      0.72     87782
           1       0.64      0.59      0.62     87875
           2       0.60      0.72      0.65     87921
           3       0.67      0.61      0.64     87694
           4       0.82      0.81      0.82     87977

    accuracy                           0.69    439249
   macro avg       0.69      0.69      0.69    439249
weighted avg       0.69      0.69      0.69    439249



Classification Report (Dev):
------------------------------
    
              precision    recall  f1-score   support

           0       0.66      0.65      0.65      4695
           1       0.56      0.51      0.53      4574
           2       0.48      0.59      0.53      4566
           3       0.57      0.51      0.54      4807
           4       0.73      0.70      0.72      4477

    accuracy                           0.59     23119
   macro avg       0.60      0.59      0.59     23119
weighted avg       0.60      0.59      0.59     23119


    