


Descripción del experimento:
----------------------------

Modelo de clasificación con un modelo de bolsa de palabras continuo.

Argumentos del entrenamiento utilizados:
- Cantidad de clases: 5
- Idioma: es
- Cantidad máxima de palabras en el vocabulario: 60000
- Frecuencia mínima de cada palabra: 1
- Cantidad máxima de tokens por review: 512
- Dimensión de los embeddings: 300
- Dimensión de las capas ocultas: 100
- Cantidad de capas ocultas: 4
- Probabilidad de dropout: 0.0
- Tamaño del batch: 256
- Tasa de aprendizaje: 0.0005
- Cantidad de epochs: 8
- Dispositivo de entrenamiento: cuda:1
- Mostrar los datos cada 100 batches.
- Proporción utilizada para dev: 0.05


Classification Report (Train):
------------------------------
    
              precision    recall  f1-score   support

           0       0.73      0.75      0.74     87782
           1       0.66      0.58      0.61     87875
           2       0.64      0.65      0.64     87921
           3       0.64      0.73      0.68     87694
           4       0.85      0.80      0.82     87977

    accuracy                           0.70    439249
   macro avg       0.70      0.70      0.70    439249
weighted avg       0.70      0.70      0.70    439249



Classification Report (Dev):
------------------------------
    
              precision    recall  f1-score   support

           0       0.65      0.67      0.66      4695
           1       0.56      0.48      0.52      4574
           2       0.49      0.51      0.50      4566
           3       0.53      0.59      0.56      4807
           4       0.72      0.69      0.71      4477

    accuracy                           0.59     23119
   macro avg       0.59      0.59      0.59     23119
weighted avg       0.59      0.59      0.59     23119


    