


Descripción del experimento:
----------------------------

Modelo de clasificación con un modelo de bolsa de palabras continuo.

Argumentos del entrenamiento utilizados:
- Cantidad de clases: 5
- Idioma: es
- Cantidad máxima de palabras en el vocabulario: 60000
- Frecuencia mínima de cada palabra: 1
- Cantidad máxima de tokens por review: 512
- Dimensión de los embeddings: 300
- Dimensión de las capas ocultas: 50
- Cantidad de capas ocultas: 1
- Probabilidad de dropout: 0.0
- Tamaño del batch: 256
- Tasa de aprendizaje: 0.0005
- Cantidad de epochs: 8
- Dispositivo de entrenamiento: cuda:1
- Mostrar los datos cada 100 batches.
- Proporción utilizada para dev: 0.05


Classification Report (Train):
------------------------------
    
              precision    recall  f1-score   support

           0       0.74      0.70      0.72     87782
           1       0.64      0.61      0.62     87875
           2       0.59      0.67      0.63     87921
           3       0.65      0.61      0.63     87694
           4       0.80      0.82      0.81     87977

    accuracy                           0.68    439249
   macro avg       0.68      0.68      0.68    439249
weighted avg       0.68      0.68      0.68    439249



Classification Report (Dev):
------------------------------
    
              precision    recall  f1-score   support

           0       0.67      0.63      0.65      4695
           1       0.55      0.52      0.54      4574
           2       0.48      0.56      0.52      4566
           3       0.56      0.50      0.53      4807
           4       0.70      0.73      0.72      4477

    accuracy                           0.59     23119
   macro avg       0.59      0.59      0.59     23119
weighted avg       0.59      0.59      0.59     23119


    