


Descripción del experimento:
----------------------------

Modelo de clasificación con red neuronal convolucional en una dimensión. 
El entrenamiento se hace end-to-end.

Argumentos del entrenamiento utilizados:
- Cantidad de clases: 5
- Idioma: español
- Proporción utilizada para dev: 0.05
- Mostrar los datos cada 100 batches.

Argumentos del tokenizador:
- Patrón para pretokenizar: (\w+|[\.,!\(\)"\-:\?/%;¡\$'¿\\]|\d+)
- Frecuencia mínima: 5
- Cantidad máxima de tokens en el vocabulario: 10000
- Cantidad máxima de tokens por review: 512

Argumentos del modelo:
- Dimensión de los embeddings: 300
- Tamaño de los filtros: 4,3,2
- Cantidad de canales por filtro: 2
- Probabilidad de dropout: 0.0
- Tamaño del batch: 1024
- Tasa de aprendizaje: 0.0001
- Cantidad de epochs: 1
- Dispositivo de entrenamiento: cuda:0



Classification report (train):
------------------------------
    
              precision    recall  f1-score   support

           0       0.22      0.70      0.34     87782
           1       0.41      0.37      0.39     87875
           2       0.30      0.02      0.04     87921
           3       0.00      0.00      0.00     87694
           4       0.46      0.42      0.44     87977

    accuracy                           0.30    439249
   macro avg       0.28      0.30      0.24    439249
weighted avg       0.28      0.30      0.24    439249



Classification report (dev):
------------------------------
    
              precision    recall  f1-score   support

           0       0.22      0.69      0.34      4695
           1       0.39      0.36      0.37      4574
           2       0.26      0.02      0.04      4566
           3       0.00      0.00      0.00      4807
           4       0.44      0.41      0.42      4477

    accuracy                           0.29     23119
   macro avg       0.26      0.30      0.24     23119
weighted avg       0.26      0.29      0.23     23119


    