


Descripción del experimento:
----------------------------

Modelo de clasificación con un modelo TfIdf + Naive Bayes.

Argumentos del entrenamiento utilizados:
- Cantidad de clases: 5
- Idioma: español
- Proporción utilizada para dev: 0.05

Argumentos del tokenizador:
- Patrón para tokenizar: \w+
- Frecuencia de documento mínima: 1
- Rango de los n-gramas: (1, 2)
- Cantidad máxima de features en el vocabulario: 500000



Classification report (train):
------------------------------
    
              precision    recall  f1-score   support

           0       0.73      0.75      0.74     87782
           1       0.74      0.46      0.56     87875
           2       0.62      0.66      0.64     87921
           3       0.64      0.72      0.68     87694
           4       0.70      0.83      0.76     87977

    accuracy                           0.68    439249
   macro avg       0.69      0.68      0.68    439249
weighted avg       0.69      0.68      0.68    439249



Classification report (dev):
------------------------------
    
              precision    recall  f1-score   support

           0       0.64      0.66      0.65      4695
           1       0.52      0.28      0.36      4574
           2       0.44      0.46      0.45      4566
           3       0.50      0.55      0.52      4807
           4       0.59      0.76      0.67      4477

    accuracy                           0.54     23119
   macro avg       0.54      0.54      0.53     23119
weighted avg       0.54      0.54      0.53     23119


    