


Descripción del experimento:
----------------------------

Modelo de clasificación con un modelo TfIdf + Naive Bayes.

Argumentos del entrenamiento utilizados:
- Cantidad de clases: 5
- Idioma: español
- Proporción utilizada para dev: 0.05

Argumentos del tokenizador:
- Patrón para tokenizar: (\w+|[\.,!\(\)"\-:\?/%;¡\$'¿\\]|\d+)
- Frecuencia de documento mínima: 1
- Rango de los n-gramas: (1, 2)
- Cantidad máxima de features en el vocabulario: 100000



Classification report (train):
------------------------------
    
              precision    recall  f1-score   support

           0       0.68      0.71      0.70     87782
           1       0.59      0.49      0.54     87875
           2       0.56      0.57      0.56     87921
           3       0.59      0.59      0.59     87694
           4       0.69      0.77      0.73     87977

    accuracy                           0.63    439249
   macro avg       0.62      0.63      0.62    439249
weighted avg       0.62      0.63      0.62    439249



Classification report (dev):
------------------------------
    
              precision    recall  f1-score   support

           0       0.64      0.66      0.65      4695
           1       0.49      0.39      0.44      4574
           2       0.46      0.48      0.47      4566
           3       0.53      0.51      0.52      4807
           4       0.64      0.74      0.68      4477

    accuracy                           0.56     23119
   macro avg       0.55      0.56      0.55     23119
weighted avg       0.55      0.56      0.55     23119


    