


Descripción del experimento:
----------------------------

Modelo de clasificación con un modelo TfIdf + Naive Bayes.

Argumentos del entrenamiento utilizados:
- Cantidad de clases: 5
- Idioma: español

Argumentos del tokenizador:
- Patrón para tokenizar: (\w+|[\.,!\(\)"\-:\?/%;¡\$'¿\\]|\d+)
- Frecuencia de documento mínima: 1
- Rango de los n-gramas: (1, 3)
- Cantidad máxima de features en el vocabulario: 500000



Classification report (train):
------------------------------
    
              precision    recall  f1-score   support

           0       0.72      0.76      0.74     92477
           1       0.70      0.49      0.58     92449
           2       0.62      0.64      0.63     92487
           3       0.65      0.68      0.66     92501
           4       0.72      0.82      0.77     92454

    accuracy                           0.68    462368
   macro avg       0.68      0.68      0.68    462368
weighted avg       0.68      0.68      0.68    462368



Classification report (test):
------------------------------
    
              precision    recall  f1-score   support

           0       0.63      0.70      0.66      5000
           1       0.52      0.32      0.39      5000
           2       0.47      0.46      0.47      5000
           3       0.50      0.52      0.51      5000
           4       0.61      0.78      0.68      5000

    accuracy                           0.55     25000
   macro avg       0.55      0.55      0.54     25000
weighted avg       0.55      0.55      0.54     25000


    