


Descripción del experimento:
----------------------------

Modelo de clasificación con un modelo TfIdf + Naive Bayes.

Argumentos del entrenamiento utilizados:
- Cantidad de clases: 5
- Idioma: es
- Rango de los n-gramas: [1, 3]
- Cantidad máxima de features en el vocabulario: 100000


Classification Report (Train):
------------------------------
    
              precision    recall  f1-score   support

           0       0.68      0.71      0.69     92477
           1       0.57      0.48      0.52     92449
           2       0.54      0.56      0.55     92487
           3       0.59      0.56      0.58     92501
           4       0.69      0.77      0.73     92454

    accuracy                           0.62    462368
   macro avg       0.61      0.62      0.61    462368
weighted avg       0.61      0.62      0.61    462368


MAE(%): 49.84


Classification Report (Test):
------------------------------
    
              precision    recall  f1-score   support

           0       0.63      0.68      0.66      5000
           1       0.47      0.37      0.42      5000
           2       0.47      0.46      0.47      5000
           3       0.52      0.48      0.50      5000
           4       0.62      0.76      0.68      5000

    accuracy                           0.55     25000
   macro avg       0.54      0.55      0.54     25000
weighted avg       0.54      0.55      0.54     25000


MAE(%): 49.84

    