


Descripci칩n del experimento:
----------------------------

Modelo de clasificaci칩n con un modelo TfIdf + Naive Bayes.

Argumentos del entrenamiento utilizados:
- Cantidad de clases: 5
- Idioma: es
- Rango de los n-gramas: [1, 3]
- Cantidad m치xima de features en el vocabulario: 100000
- Proporci칩n utilizada para dev: 0.05


Classification Report (Train):
------------------------------
    
              precision    recall  f1-score   support

           0       0.68      0.71      0.69     87782
           1       0.57      0.48      0.52     87875
           2       0.55      0.56      0.55     87921
           3       0.59      0.57      0.58     87694
           4       0.69      0.78      0.73     87977

    accuracy                           0.62    439249
   macro avg       0.62      0.62      0.62    439249
weighted avg       0.62      0.62      0.62    439249


MAE(%): 49.69


Classification Report (Dev):
------------------------------
    
              precision    recall  f1-score   support

           0       0.64      0.67      0.66      4695
           1       0.50      0.40      0.44      4574
           2       0.47      0.50      0.48      4566
           3       0.55      0.51      0.53      4807
           4       0.64      0.75      0.69      4477

    accuracy                           0.57     23119
   macro avg       0.56      0.57      0.56     23119
weighted avg       0.56      0.57      0.56     23119


MAE(%): 49.69

    