


Descripción del experimento:
----------------------------

Modelo de clasificación con un modelo TfIdf + Naive Bayes.

Argumentos del entrenamiento utilizados:
- Cantidad de clases: 5
- Idioma: es
- Rango de los n-gramas: [1, 3]
- Cantidad máxima de features en el vocabulario: 100000


Classification Report (Train):
------------------------------
    
              precision    recall  f1-score   support

           0      0.677     0.710     0.693     92477
           1      0.570     0.478     0.520     92449
           2      0.543     0.560     0.551     92487
           3      0.590     0.564     0.577     92501
           4      0.687     0.773     0.728     92454

    accuracy                          0.617    462368
   macro avg      0.614     0.617     0.614    462368
weighted avg      0.614     0.617     0.614    462368


MAE(%): 49.84


Classification Report (Test):
------------------------------
    
              precision    recall  f1-score   support

           0      0.630     0.684     0.656      5000
           1      0.474     0.372     0.417      5000
           2      0.474     0.464     0.469      5000
           3      0.518     0.478     0.497      5000
           4      0.621     0.762     0.684      5000

    accuracy                          0.552     25000
   macro avg      0.543     0.552     0.545     25000
weighted avg      0.543     0.552     0.545     25000


MAE(%): 49.84

    