


Descripci칩n del experimento:
----------------------------

Modelo de clasificaci칩n con un modelo TfIdf + Naive Bayes.

Argumentos del entrenamiento utilizados:
- Cantidad de clases: 5
- Idioma: es
- Rango de los n-gramas: [1, 2]
- Cantidad m치xima de features en el vocabulario: 20000
- Proporci칩n utilizada para dev: 0.05


Classification Report (Train):
------------------------------
    
              precision    recall  f1-score   support

           0       0.66      0.67      0.66     87782
           1       0.51      0.43      0.47     87875
           2       0.49      0.51      0.50     87921
           3       0.54      0.52      0.53     87694
           4       0.66      0.74      0.70     87977

    accuracy                           0.57    439249
   macro avg       0.57      0.57      0.57    439249
weighted avg       0.57      0.57      0.57    439249


MAE(%): 56.19


Classification Report (Dev):
------------------------------
    
              precision    recall  f1-score   support

           0       0.64      0.65      0.65      4695
           1       0.48      0.40      0.44      4574
           2       0.45      0.48      0.46      4566
           3       0.54      0.50      0.52      4807
           4       0.64      0.73      0.68      4477

    accuracy                           0.55     23119
   macro avg       0.55      0.55      0.55     23119
weighted avg       0.55      0.55      0.55     23119


MAE(%): 56.19

    