


Descripción del experimento:
----------------------------

Modelo de clasificación con un modelo TfIdf + Naive Bayes.

Argumentos del entrenamiento utilizados:
- Cantidad de clases: 5
- Idioma: español
- Proporción utilizada para dev: 0.05

Argumentos del tokenizador:
- Patrón para tokenizar: (\w+|[\.,!\(\)"\-:\?/%;¡\$'¿\\]|\d+)
- Frecuencia de documento mínima: 1
- Rango de los n-gramas: (1, 3)
- Cantidad máxima de features en el vocabulario: 50000



Classification report (train):
------------------------------
    
              precision    recall  f1-score   support

           0       0.67      0.69      0.68     87782
           1       0.54      0.46      0.49     87875
           2       0.51      0.54      0.53     87921
           3       0.57      0.54      0.55     87694
           4       0.67      0.76      0.72     87977

    accuracy                           0.60    439249
   macro avg       0.59      0.60      0.59    439249
weighted avg       0.59      0.60      0.59    439249



Classification report (dev):
------------------------------
    
              precision    recall  f1-score   support

           0       0.65      0.67      0.66      4695
           1       0.50      0.41      0.45      4574
           2       0.46      0.51      0.48      4566
           3       0.56      0.50      0.53      4807
           4       0.64      0.75      0.69      4477

    accuracy                           0.57     23119
   macro avg       0.56      0.57      0.56     23119
weighted avg       0.56      0.57      0.56     23119


    