


Descripci칩n del experimento:
----------------------------

Modelo de clasificaci칩n con un modelo TfIdf + Naive Bayes.

Argumentos del entrenamiento utilizados:
- Cantidad de clases: 5
- Idioma: es
- Rango de los n-gramas: [1, 2]
- Cantidad m치xima de features en el vocabulario: 10000
- Proporci칩n utilizada para dev: 0.05


Classification Report (Train):
------------------------------
    
              precision    recall  f1-score   support

           0       0.65      0.66      0.65     87782
           1       0.49      0.41      0.45     87875
           2       0.47      0.50      0.49     87921
           3       0.53      0.50      0.51     87694
           4       0.64      0.73      0.69     87977

    accuracy                           0.56    439249
   macro avg       0.56      0.56      0.56    439249
weighted avg       0.56      0.56      0.56    439249


MEA(%): 58.55


Classification Report (Dev):
------------------------------
    
              precision    recall  f1-score   support

           0       0.64      0.65      0.64      4695
           1       0.47      0.39      0.42      4574
           2       0.44      0.48      0.46      4566
           3       0.54      0.49      0.51      4807
           4       0.62      0.72      0.67      4477

    accuracy                           0.54     23119
   macro avg       0.54      0.54      0.54     23119
weighted avg       0.54      0.54      0.54     23119


MEA(%): 58.55

    