


Descripción del experimento:
----------------------------

Modelo de clasificación con un modelo TfIdf + Naive Bayes.

Argumentos del entrenamiento utilizados:
- Cantidad de clases: 5
- Idioma: español
- Proporción utilizada para dev: 0.05

Argumentos del tokenizador:
- Patrón para tokenizar: \w+|[!?"]
- Frecuencia de documento mínima: 1
- Rango de los n-gramas: (1, 3)
- Cantidad máxima de features en el vocabulario: 500000



Classification report (train):
------------------------------
    
              precision    recall  f1-score   support

           0       0.72      0.76      0.74     87782
           1       0.71      0.49      0.58     87875
           2       0.63      0.65      0.64     87921
           3       0.66      0.68      0.67     87694
           4       0.71      0.83      0.76     87977

    accuracy                           0.68    439249
   macro avg       0.68      0.68      0.68    439249
weighted avg       0.68      0.68      0.68    439249



Classification report (dev):
------------------------------
    
              precision    recall  f1-score   support

           0       0.64      0.67      0.66      4695
           1       0.52      0.33      0.40      4574
           2       0.46      0.49      0.47      4566
           3       0.53      0.54      0.54      4807
           4       0.62      0.77      0.69      4477

    accuracy                           0.56     23119
   macro avg       0.55      0.56      0.55     23119
weighted avg       0.55      0.56      0.55     23119


    