


Descripción del experimento:
----------------------------

Modelo de clasificación con una red neuronal recurrente GRU.

Argumentos del entrenamiento utilizados:
- Cantidad de clases: 3
- Idioma: es
- Cantidad máxima de palabras en el vocabulario: 60000
- Frecuencia mínima de cada palabra: 1
- Cantidad máxima de tokens por review: 512
- Dimensión de los embeddings: 300
- Red bidireccional: False
- Dimensión de las capas ocultas: 200
- Cantidad de capas ocultas (recurrentes): 1
- Probabilidad de dropout: 0.2
- Tamaño del batch: 256
- Tasa de aprendizaje: 0.0005
- Cantidad de epochs: 8
- Dispositivo de entrenamiento: cuda:1
- Mostrar los datos cada 100 batches.


Classification Report (Train):
------------------------------
    
              precision    recall  f1-score   support

           0      0.966     0.970     0.968    184926
           1      0.892     0.854     0.872     92487
           2      0.954     0.971     0.963    184955

    accuracy                          0.947    462368
   macro avg      0.937     0.932     0.934    462368
weighted avg      0.947     0.947     0.947    462368


MAE(%): 5.56


Classification Report (Test):
------------------------------
    
              precision    recall  f1-score   support

           0      0.832     0.876     0.854     10000
           1      0.537     0.504     0.520      5000
           2      0.856     0.837     0.846     10000

    accuracy                          0.786     25000
   macro avg      0.742     0.739     0.740     25000
weighted avg      0.783     0.786     0.784     25000


MAE(%): 5.56

    