


Descripción del experimento:
----------------------------

Modelo de clasificación con una red neuronal recurrente RNNrelu.

Argumentos del entrenamiento utilizados:
- Cantidad de clases: 3
- Idioma: es
- Cantidad máxima de palabras en el vocabulario: 60000
- Frecuencia mínima de cada palabra: 1
- Cantidad máxima de tokens por review: 512
- Dimensión de los embeddings: 300
- Red bidireccional: True
- Dimensión de las capas ocultas: 200
- Cantidad de capas ocultas (recurrentes): 1
- Probabilidad de dropout: 0.7
- Tamaño del batch: 256
- Tasa de aprendizaje: 0.0005
- Cantidad de epochs: 12
- Dispositivo de entrenamiento: cuda:1
- Mostrar los datos cada 100 batches.


Classification Report (Train):
------------------------------
    
              precision    recall  f1-score   support

           0      0.933     0.940     0.936    184926
           1      0.781     0.694     0.735     92487
           2      0.909     0.953     0.931    184955

    accuracy                          0.896    462368
   macro avg      0.874     0.862     0.867    462368
weighted avg      0.893     0.896     0.894    462368


MAE(%): 10.81


Classification Report (Test):
------------------------------
    
              precision    recall  f1-score   support

           0      0.839     0.885     0.861     10000
           1      0.557     0.504     0.529      5000
           2      0.854     0.848     0.851     10000

    accuracy                          0.794     25000
   macro avg      0.750     0.746     0.747     25000
weighted avg      0.789     0.794     0.791     25000


MAE(%): 10.81

    